<?xml version="1.0" encoding="UTF-8"?>
<!-- Generated by org.testng.reporters.JUnitReportReporter -->
<testsuite skipped="0" hostname="BLR145CD6423DQ5" name="com.api.test.GetapiTest" tests="1" failures="0" timestamp="16 Jul 2019 12:22:16 GMT" time="7.646" errors="0">
  <testcase name="getTest" time="7.646" classname="com.api.test.GetapiTest"/>
</testsuite> <!-- com.api.test.GetapiTest -->
